<?xml version="1.0" encoding="UTF-8"?>
<!-- Generated by org.testng.reporters.JUnitXMLReporter -->
<testsuite hostname="LAPTOP-NTIC0IO9" ignored="0" name="Command line test" tests="2" failures="0" timestamp="2022-09-11T13:59:41 IST" time="14.459" errors="0">
  <testcase name="Test1LoginInvalid" time="1.063" classname="testCaseSauceDemoProject.SauceDemoLoginTest"/>
  <testcase name="Test2LoginValid" time="0.408" classname="testCaseSauceDemoProject.SauceDemoLoginTest"/>
</testsuite> <!-- Command line test -->
