<?xml version="1.0" encoding="UTF-8"?>
<!-- Generated by org.testng.reporters.JUnitXMLReporter -->
<testsuite ignored="1" hostname="LAPTOP-NTIC0IO9" failures="0" tests="1" name="Default test" time="3.678" errors="0" timestamp="2022-09-11T13:56:11 IST">
  <testcase classname="testCaseSauceDemoProject.SauceDemoLoginTest" name="Test2LoginValid" time="0.378"/>
  <testcase classname="testCaseSauceDemoProject.SauceDemoLoginTest" name="Test1LoginInvalid" time="0.0">
    <ignored/>
  </testcase> <!-- Test1LoginInvalid -->
</testsuite> <!-- Default test -->
