<?xml version="1.0" encoding="UTF-8"?>
<testng-results skipped="0" failed="0" ignored="0" total="2" passed="2">
  <reporter-output>
  </reporter-output>
  <suite name="testCaseSauceDemoProject.SauceDemoLoginTest" duration-ms="14459" started-at="2022-09-11T13:59:26 IST" finished-at="2022-09-11T13:59:41 IST">
    <groups>
    </groups>
    <test name="Command line test" duration-ms="14459" started-at="2022-09-11T13:59:26 IST" finished-at="2022-09-11T13:59:41 IST">
      <class name="testCaseSauceDemoProject.SauceDemoLoginTest">
        <test-method status="PASS" signature="testSetup()[pri:0, instance:testCaseSauceDemoProject.SauceDemoLoginTest@3c0f93f1]" name="testSetup" is-config="true" duration-ms="6730" started-at="2022-09-11T13:59:26 IST" finished-at="2022-09-11T13:59:33 IST">
          <reporter-output>
          </reporter-output>
        </test-method> <!-- testSetup -->
        <test-method status="PASS" signature="Test1LoginInvalid()[pri:0, instance:testCaseSauceDemoProject.SauceDemoLoginTest@3c0f93f1]" name="Test1LoginInvalid" duration-ms="1063" started-at="2022-09-11T13:59:33 IST" finished-at="2022-09-11T13:59:34 IST">
          <reporter-output>
          </reporter-output>
        </test-method> <!-- Test1LoginInvalid -->
        <test-method status="PASS" signature="TearDown()[pri:0, instance:testCaseSauceDemoProject.SauceDemoLoginTest@3c0f93f1]" name="TearDown" is-config="true" duration-ms="800" started-at="2022-09-11T13:59:34 IST" finished-at="2022-09-11T13:59:35 IST">
          <reporter-output>
          </reporter-output>
        </test-method> <!-- TearDown -->
        <test-method status="PASS" signature="testSetup()[pri:0, instance:testCaseSauceDemoProject.SauceDemoLoginTest@3c0f93f1]" name="testSetup" is-config="true" duration-ms="5173" started-at="2022-09-11T13:59:35 IST" finished-at="2022-09-11T13:59:40 IST">
          <reporter-output>
          </reporter-output>
        </test-method> <!-- testSetup -->
        <test-method status="PASS" signature="Test2LoginValid()[pri:0, instance:testCaseSauceDemoProject.SauceDemoLoginTest@3c0f93f1]" name="Test2LoginValid" duration-ms="408" started-at="2022-09-11T13:59:40 IST" finished-at="2022-09-11T13:59:41 IST">
          <reporter-output>
          </reporter-output>
        </test-method> <!-- Test2LoginValid -->
        <test-method status="PASS" signature="TearDown()[pri:0, instance:testCaseSauceDemoProject.SauceDemoLoginTest@3c0f93f1]" name="TearDown" is-config="true" duration-ms="246" started-at="2022-09-11T13:59:41 IST" finished-at="2022-09-11T13:59:41 IST">
          <reporter-output>
          </reporter-output>
        </test-method> <!-- TearDown -->
      </class> <!-- testCaseSauceDemoProject.SauceDemoLoginTest -->
    </test> <!-- Command line test -->
  </suite> <!-- testCaseSauceDemoProject.SauceDemoLoginTest -->
</testng-results>
