<?xml version="1.0" encoding="UTF-8"?>
<testng-results ignored="0" total="2" passed="2" failed="0" skipped="0">
  <reporter-output>
  </reporter-output>
  <suite started-at="2022-09-11T13:56:39 IST" name="Suite" finished-at="2022-09-11T13:56:46 IST" duration-ms="7139">
    <groups>
    </groups>
    <test started-at="2022-09-11T13:56:39 IST" name="Test" finished-at="2022-09-11T13:56:46 IST" duration-ms="7139">
      <class name="testCaseSauceDemoProject.SauceDemoLoginTest">
        <test-method is-config="true" signature="testSetup()[pri:0, instance:testCaseSauceDemoProject.SauceDemoLoginTest@d29f28]" started-at="2022-09-11T13:56:39 IST" name="testSetup" finished-at="2022-09-11T13:56:42 IST" duration-ms="3556" status="PASS">
          <reporter-output>
          </reporter-output>
        </test-method> <!-- testSetup -->
        <test-method signature="Test1LoginInvalid()[pri:0, instance:testCaseSauceDemoProject.SauceDemoLoginTest@d29f28]" started-at="2022-09-11T13:56:42 IST" name="Test1LoginInvalid" finished-at="2022-09-11T13:56:43 IST" duration-ms="387" status="PASS">
          <reporter-output>
          </reporter-output>
        </test-method> <!-- Test1LoginInvalid -->
        <test-method is-config="true" signature="TearDown()[pri:0, instance:testCaseSauceDemoProject.SauceDemoLoginTest@d29f28]" started-at="2022-09-11T13:56:43 IST" name="TearDown" finished-at="2022-09-11T13:56:43 IST" duration-ms="132" status="PASS">
          <reporter-output>
          </reporter-output>
        </test-method> <!-- TearDown -->
        <test-method is-config="true" signature="testSetup()[pri:0, instance:testCaseSauceDemoProject.SauceDemoLoginTest@d29f28]" started-at="2022-09-11T13:56:43 IST" name="testSetup" finished-at="2022-09-11T13:56:45 IST" duration-ms="2530" status="PASS">
          <reporter-output>
          </reporter-output>
        </test-method> <!-- testSetup -->
        <test-method signature="Test2LoginValid()[pri:0, instance:testCaseSauceDemoProject.SauceDemoLoginTest@d29f28]" started-at="2022-09-11T13:56:45 IST" name="Test2LoginValid" finished-at="2022-09-11T13:56:46 IST" duration-ms="405" status="PASS">
          <reporter-output>
          </reporter-output>
        </test-method> <!-- Test2LoginValid -->
        <test-method is-config="true" signature="TearDown()[pri:0, instance:testCaseSauceDemoProject.SauceDemoLoginTest@d29f28]" started-at="2022-09-11T13:56:46 IST" name="TearDown" finished-at="2022-09-11T13:56:46 IST" duration-ms="90" status="PASS">
          <reporter-output>
          </reporter-output>
        </test-method> <!-- TearDown -->
      </class> <!-- testCaseSauceDemoProject.SauceDemoLoginTest -->
    </test> <!-- Test -->
  </suite> <!-- Suite -->
</testng-results>
